[26-Sep-2020 03:44:23 UTC] PHP Parse error:  syntax error, unexpected '}', expecting ',' or ';' in C:\Users\robin\Local Sites\university-of-riverdale\app\public\wp-content\themes\fictional-university-theme\index.php on line 9
[26-Sep-2020 03:44:45 UTC] PHP Parse error:  syntax error, unexpected '}', expecting ',' or ';' in C:\Users\robin\Local Sites\university-of-riverdale\app\public\wp-content\themes\fictional-university-theme\index.php on line 9
[26-Sep-2020 03:45:14 UTC] PHP Parse error:  syntax error, unexpected '}', expecting ',' or ';' in C:\Users\robin\Local Sites\university-of-riverdale\app\public\wp-content\themes\fictional-university-theme\index.php on line 9
[26-Sep-2020 03:45:29 UTC] PHP Parse error:  syntax error, unexpected '}', expecting ',' or ';' in C:\Users\robin\Local Sites\university-of-riverdale\app\public\wp-content\themes\fictional-university-theme\index.php on line 9
[26-Sep-2020 04:07:22 UTC] PHP Parse error:  syntax error, unexpected '$count' (T_VARIABLE) in C:\Users\robin\Local Sites\university-of-riverdale\app\public\wp-content\themes\fictional-university-theme\index.php on line 6
[26-Sep-2020 17:41:20 UTC] PHP Warning:  call_user_func_array() expects parameter 1 to be a valid callback, function 'unversity_files' not found or invalid function name in C:\Users\robin\Local Sites\university-of-riverdale\app\public\wp-includes\class-wp-hook.php on line 287
[26-Sep-2020 17:41:20 UTC] PHP Stack trace:
[26-Sep-2020 17:41:20 UTC] PHP   1. {main}() C:\Users\robin\Local Sites\university-of-riverdale\app\public\index.php:0
[26-Sep-2020 17:41:20 UTC] PHP   2. require() C:\Users\robin\Local Sites\university-of-riverdale\app\public\index.php:17
[26-Sep-2020 17:41:20 UTC] PHP   3. require_once() C:\Users\robin\Local Sites\university-of-riverdale\app\public\wp-blog-header.php:19
[26-Sep-2020 17:41:20 UTC] PHP   4. include() C:\Users\robin\Local Sites\university-of-riverdale\app\public\wp-includes\template-loader.php:106
[26-Sep-2020 17:41:20 UTC] PHP   5. get_header() C:\Users\robin\Local Sites\university-of-riverdale\app\public\wp-content\themes\fictional-university-theme\single.php:3
[26-Sep-2020 17:41:20 UTC] PHP   6. locate_template() C:\Users\robin\Local Sites\university-of-riverdale\app\public\wp-includes\general-template.php:48
[26-Sep-2020 17:41:20 UTC] PHP   7. load_template() C:\Users\robin\Local Sites\university-of-riverdale\app\public\wp-includes\template.php:676
[26-Sep-2020 17:41:20 UTC] PHP   8. require_once() C:\Users\robin\Local Sites\university-of-riverdale\app\public\wp-includes\template.php:730
[26-Sep-2020 17:41:20 UTC] PHP   9. wp_head() C:\Users\robin\Local Sites\university-of-riverdale\app\public\wp-content\themes\fictional-university-theme\header.php:3
[26-Sep-2020 17:41:20 UTC] PHP  10. do_action() C:\Users\robin\Local Sites\university-of-riverdale\app\public\wp-includes\general-template.php:3006
[26-Sep-2020 17:41:20 UTC] PHP  11. WP_Hook->do_action() C:\Users\robin\Local Sites\university-of-riverdale\app\public\wp-includes\plugin.php:478
[26-Sep-2020 17:41:20 UTC] PHP  12. WP_Hook->apply_filters() C:\Users\robin\Local Sites\university-of-riverdale\app\public\wp-includes\class-wp-hook.php:311
[26-Sep-2020 17:41:20 UTC] PHP  13. wp_enqueue_scripts() C:\Users\robin\Local Sites\university-of-riverdale\app\public\wp-includes\class-wp-hook.php:287
[26-Sep-2020 17:41:20 UTC] PHP  14. do_action() C:\Users\robin\Local Sites\university-of-riverdale\app\public\wp-includes\script-loader.php:1999
[26-Sep-2020 17:41:20 UTC] PHP  15. WP_Hook->do_action() C:\Users\robin\Local Sites\university-of-riverdale\app\public\wp-includes\plugin.php:478
[26-Sep-2020 17:41:20 UTC] PHP  16. WP_Hook->apply_filters() C:\Users\robin\Local Sites\university-of-riverdale\app\public\wp-includes\class-wp-hook.php:311
[26-Sep-2020 20:15:11 UTC] PHP Parse error:  syntax error, unexpected 'wp_enqueue_style' (T_STRING) in C:\Users\robin\Local Sites\university-of-riverdale\app\public\wp-content\themes\fictional-university-theme\functions.php on line 5
[26-Sep-2020 20:18:46 UTC] PHP Parse error:  syntax error, unexpected 'get_footer' (T_STRING) in C:\Users\robin\Local Sites\university-of-riverdale\app\public\wp-content\themes\fictional-university-theme\index.php on line 107
[26-Sep-2020 23:23:58 UTC] PHP Parse error:  syntax error, unexpected '">About Us</a></li>' (T_CONSTANT_ENCAPSED_STRING), expecting ')' in C:\Users\robin\Local Sites\university-of-riverdale\app\public\wp-content\themes\fictional-university-theme\header.php on line 18
[26-Sep-2020 23:26:32 UTC] PHP Parse error:  syntax error, unexpected '>' in C:\Users\robin\Local Sites\university-of-riverdale\app\public\wp-content\themes\fictional-university-theme\header.php on line 10
[27-Sep-2020 03:22:35 UTC] PHP Parse error:  syntax error, unexpected '=', expecting ')' in C:\Users\robin\Local Sites\university-of-riverdale\app\public\wp-content\themes\fictional-university-theme\page.php on line 37
[27-Sep-2020 03:22:44 UTC] PHP Parse error:  syntax error, unexpected '=', expecting ')' in C:\Users\robin\Local Sites\university-of-riverdale\app\public\wp-content\themes\fictional-university-theme\page.php on line 37
[27-Sep-2020 03:22:53 UTC] PHP Parse error:  syntax error, unexpected '=', expecting ')' in C:\Users\robin\Local Sites\university-of-riverdale\app\public\wp-content\themes\fictional-university-theme\page.php on line 37
[27-Sep-2020 03:23:10 UTC] PHP Parse error:  syntax error, unexpected '=', expecting ')' in C:\Users\robin\Local Sites\university-of-riverdale\app\public\wp-content\themes\fictional-university-theme\page.php on line 37
[28-Sep-2020 00:47:57 UTC] PHP Parse error:  syntax error, unexpected '?>' in C:\Users\robin\Local Sites\university-of-riverdale\app\public\wp-content\themes\fictional-university-theme\header.php on line 28
[28-Sep-2020 00:48:12 UTC] PHP Parse error:  syntax error, unexpected '?>' in C:\Users\robin\Local Sites\university-of-riverdale\app\public\wp-content\themes\fictional-university-theme\header.php on line 28
[28-Sep-2020 00:48:13 UTC] PHP Parse error:  syntax error, unexpected '?>' in C:\Users\robin\Local Sites\university-of-riverdale\app\public\wp-content\themes\fictional-university-theme\header.php on line 28
[28-Sep-2020 00:48:27 UTC] PHP Parse error:  syntax error, unexpected 'href' (T_STRING) in C:\Users\robin\Local Sites\university-of-riverdale\app\public\wp-content\themes\fictional-university-theme\header.php on line 29
[28-Sep-2020 02:29:35 UTC] PHP Parse error:  syntax error, unexpected ''j'' (T_CONSTANT_ENCAPSED_STRING), expecting ')' in C:\Users\robin\Local Sites\university-of-riverdale\app\public\wp-content\themes\fictional-university-theme\index.php on line 23
[28-Sep-2020 02:29:46 UTC] PHP Parse error:  syntax error, unexpected ''j'' (T_CONSTANT_ENCAPSED_STRING), expecting ')' in C:\Users\robin\Local Sites\university-of-riverdale\app\public\wp-content\themes\fictional-university-theme\index.php on line 23
[29-Sep-2020 01:46:26 UTC] PHP Warning:  Use of undefined constant the_content - assumed 'the_content' (this will throw an Error in a future version of PHP) in C:\Users\robin\Local Sites\university-of-riverdale\app\public\wp-content\themes\fictional-university-theme\front-page.php on line 63
[29-Sep-2020 01:46:26 UTC] PHP Stack trace:
[29-Sep-2020 01:46:26 UTC] PHP   1. {main}() C:\Users\robin\Local Sites\university-of-riverdale\app\public\index.php:0
[29-Sep-2020 01:46:26 UTC] PHP   2. require() C:\Users\robin\Local Sites\university-of-riverdale\app\public\index.php:17
[29-Sep-2020 01:46:26 UTC] PHP   3. require_once() C:\Users\robin\Local Sites\university-of-riverdale\app\public\wp-blog-header.php:19
[29-Sep-2020 01:46:26 UTC] PHP   4. include() C:\Users\robin\Local Sites\university-of-riverdale\app\public\wp-includes\template-loader.php:106
[29-Sep-2020 01:46:26 UTC] PHP Warning:  Use of undefined constant the_content - assumed 'the_content' (this will throw an Error in a future version of PHP) in C:\Users\robin\Local Sites\university-of-riverdale\app\public\wp-content\themes\fictional-university-theme\front-page.php on line 63
[29-Sep-2020 01:46:26 UTC] PHP Stack trace:
[29-Sep-2020 01:46:26 UTC] PHP   1. {main}() C:\Users\robin\Local Sites\university-of-riverdale\app\public\index.php:0
[29-Sep-2020 01:46:26 UTC] PHP   2. require() C:\Users\robin\Local Sites\university-of-riverdale\app\public\index.php:17
[29-Sep-2020 01:46:26 UTC] PHP   3. require_once() C:\Users\robin\Local Sites\university-of-riverdale\app\public\wp-blog-header.php:19
[29-Sep-2020 01:46:26 UTC] PHP   4. include() C:\Users\robin\Local Sites\university-of-riverdale\app\public\wp-includes\template-loader.php:106
[30-Sep-2020 02:24:37 UTC] PHP Parse error:  syntax error, unexpected ';' in C:\Users\robin\Local Sites\university-of-riverdale\app\public\wp-content\themes\fictional-university-theme\functions.php on line 8
[30-Sep-2020 02:24:45 UTC] PHP Parse error:  syntax error, unexpected ';' in C:\Users\robin\Local Sites\university-of-riverdale\app\public\wp-content\themes\fictional-university-theme\functions.php on line 8
[30-Sep-2020 02:27:37 UTC] PHP Parse error:  syntax error, unexpected '}' in C:\Users\robin\Local Sites\university-of-riverdale\app\public\wp-content\themes\fictional-university-theme\functions.php on line 13
[30-Sep-2020 04:07:41 UTC] PHP Parse error:  syntax error, unexpected ''labels'' (T_CONSTANT_ENCAPSED_STRING), expecting ')' in C:\Users\robin\Local Sites\university-of-riverdale\app\public\wp-content\themes\fictional-university-theme\functions.php on line 38
[30-Sep-2020 04:07:44 UTC] PHP Parse error:  syntax error, unexpected ''labels'' (T_CONSTANT_ENCAPSED_STRING), expecting ')' in C:\Users\robin\Local Sites\university-of-riverdale\app\public\wp-content\themes\fictional-university-theme\functions.php on line 38
[30-Sep-2020 05:09:07 UTC] PHP Warning:  Use of undefined constant event - assumed 'event' (this will throw an Error in a future version of PHP) in C:\Users\robin\Local Sites\university-of-riverdale\app\public\wp-content\themes\fictional-university-theme\front-page.php on line 21
[30-Sep-2020 05:09:07 UTC] PHP Stack trace:
[30-Sep-2020 05:09:07 UTC] PHP   1. {main}() C:\Users\robin\Local Sites\university-of-riverdale\app\public\index.php:0
[30-Sep-2020 05:09:07 UTC] PHP   2. require() C:\Users\robin\Local Sites\university-of-riverdale\app\public\index.php:17
[30-Sep-2020 05:09:07 UTC] PHP   3. require_once() C:\Users\robin\Local Sites\university-of-riverdale\app\public\wp-blog-header.php:19
[30-Sep-2020 05:09:07 UTC] PHP   4. include() C:\Users\robin\Local Sites\university-of-riverdale\app\public\wp-includes\template-loader.php:106
[30-Sep-2020 05:09:39 UTC] PHP Warning:  Use of undefined constant event - assumed 'event' (this will throw an Error in a future version of PHP) in C:\Users\robin\Local Sites\university-of-riverdale\app\public\wp-content\themes\fictional-university-theme\front-page.php on line 21
[30-Sep-2020 05:09:39 UTC] PHP Stack trace:
[30-Sep-2020 05:09:39 UTC] PHP   1. {main}() C:\Users\robin\Local Sites\university-of-riverdale\app\public\index.php:0
[30-Sep-2020 05:09:39 UTC] PHP   2. require() C:\Users\robin\Local Sites\university-of-riverdale\app\public\index.php:17
[30-Sep-2020 05:09:39 UTC] PHP   3. require_once() C:\Users\robin\Local Sites\university-of-riverdale\app\public\wp-blog-header.php:19
[30-Sep-2020 05:09:39 UTC] PHP   4. include() C:\Users\robin\Local Sites\university-of-riverdale\app\public\wp-includes\template-loader.php:106
[30-Sep-2020 05:09:43 UTC] PHP Warning:  Use of undefined constant event - assumed 'event' (this will throw an Error in a future version of PHP) in C:\Users\robin\Local Sites\university-of-riverdale\app\public\wp-content\themes\fictional-university-theme\front-page.php on line 21
[30-Sep-2020 05:09:43 UTC] PHP Stack trace:
[30-Sep-2020 05:09:43 UTC] PHP   1. {main}() C:\Users\robin\Local Sites\university-of-riverdale\app\public\index.php:0
[30-Sep-2020 05:09:43 UTC] PHP   2. require() C:\Users\robin\Local Sites\university-of-riverdale\app\public\index.php:17
[30-Sep-2020 05:09:43 UTC] PHP   3. require_once() C:\Users\robin\Local Sites\university-of-riverdale\app\public\wp-blog-header.php:19
[30-Sep-2020 05:09:43 UTC] PHP   4. include() C:\Users\robin\Local Sites\university-of-riverdale\app\public\wp-includes\template-loader.php:106
[30-Sep-2020 05:10:58 UTC] PHP Warning:  Use of undefined constant event - assumed 'event' (this will throw an Error in a future version of PHP) in C:\Users\robin\Local Sites\university-of-riverdale\app\public\wp-content\themes\fictional-university-theme\front-page.php on line 21
[30-Sep-2020 05:10:58 UTC] PHP Stack trace:
[30-Sep-2020 05:10:58 UTC] PHP   1. {main}() C:\Users\robin\Local Sites\university-of-riverdale\app\public\index.php:0
[30-Sep-2020 05:10:58 UTC] PHP   2. require() C:\Users\robin\Local Sites\university-of-riverdale\app\public\index.php:17
[30-Sep-2020 05:10:58 UTC] PHP   3. require_once() C:\Users\robin\Local Sites\university-of-riverdale\app\public\wp-blog-header.php:19
[30-Sep-2020 05:10:58 UTC] PHP   4. include() C:\Users\robin\Local Sites\university-of-riverdale\app\public\wp-includes\template-loader.php:106
[30-Sep-2020 05:11:08 UTC] PHP Warning:  Use of undefined constant event - assumed 'event' (this will throw an Error in a future version of PHP) in C:\Users\robin\Local Sites\university-of-riverdale\app\public\wp-content\themes\fictional-university-theme\front-page.php on line 21
[30-Sep-2020 05:11:08 UTC] PHP Stack trace:
[30-Sep-2020 05:11:08 UTC] PHP   1. {main}() C:\Users\robin\Local Sites\university-of-riverdale\app\public\index.php:0
[30-Sep-2020 05:11:08 UTC] PHP   2. require() C:\Users\robin\Local Sites\university-of-riverdale\app\public\index.php:17
[30-Sep-2020 05:11:08 UTC] PHP   3. require_once() C:\Users\robin\Local Sites\university-of-riverdale\app\public\wp-blog-header.php:19
[30-Sep-2020 05:11:08 UTC] PHP   4. include() C:\Users\robin\Local Sites\university-of-riverdale\app\public\wp-includes\template-loader.php:106
[30-Sep-2020 05:12:01 UTC] PHP Warning:  Use of undefined constant event - assumed 'event' (this will throw an Error in a future version of PHP) in C:\Users\robin\Local Sites\university-of-riverdale\app\public\wp-content\themes\fictional-university-theme\front-page.php on line 21
[30-Sep-2020 05:12:01 UTC] PHP Stack trace:
[30-Sep-2020 05:12:01 UTC] PHP   1. {main}() C:\Users\robin\Local Sites\university-of-riverdale\app\public\index.php:0
[30-Sep-2020 05:12:01 UTC] PHP   2. require() C:\Users\robin\Local Sites\university-of-riverdale\app\public\index.php:17
[30-Sep-2020 05:12:01 UTC] PHP   3. require_once() C:\Users\robin\Local Sites\university-of-riverdale\app\public\wp-blog-header.php:19
[30-Sep-2020 05:12:01 UTC] PHP   4. include() C:\Users\robin\Local Sites\university-of-riverdale\app\public\wp-includes\template-loader.php:106
[30-Sep-2020 05:12:10 UTC] PHP Warning:  Use of undefined constant event - assumed 'event' (this will throw an Error in a future version of PHP) in C:\Users\robin\Local Sites\university-of-riverdale\app\public\wp-content\themes\fictional-university-theme\front-page.php on line 21
[30-Sep-2020 05:12:10 UTC] PHP Stack trace:
[30-Sep-2020 05:12:10 UTC] PHP   1. {main}() C:\Users\robin\Local Sites\university-of-riverdale\app\public\index.php:0
[30-Sep-2020 05:12:10 UTC] PHP   2. require() C:\Users\robin\Local Sites\university-of-riverdale\app\public\index.php:17
[30-Sep-2020 05:12:10 UTC] PHP   3. require_once() C:\Users\robin\Local Sites\university-of-riverdale\app\public\wp-blog-header.php:19
[30-Sep-2020 05:12:10 UTC] PHP   4. include() C:\Users\robin\Local Sites\university-of-riverdale\app\public\wp-includes\template-loader.php:106
[30-Sep-2020 05:12:15 UTC] PHP Warning:  Use of undefined constant event - assumed 'event' (this will throw an Error in a future version of PHP) in C:\Users\robin\Local Sites\university-of-riverdale\app\public\wp-content\themes\fictional-university-theme\front-page.php on line 21
[30-Sep-2020 05:12:15 UTC] PHP Stack trace:
[30-Sep-2020 05:12:15 UTC] PHP   1. {main}() C:\Users\robin\Local Sites\university-of-riverdale\app\public\index.php:0
[30-Sep-2020 05:12:15 UTC] PHP   2. require() C:\Users\robin\Local Sites\university-of-riverdale\app\public\index.php:17
[30-Sep-2020 05:12:15 UTC] PHP   3. require_once() C:\Users\robin\Local Sites\university-of-riverdale\app\public\wp-blog-header.php:19
[30-Sep-2020 05:12:15 UTC] PHP   4. include() C:\Users\robin\Local Sites\university-of-riverdale\app\public\wp-includes\template-loader.php:106
[30-Sep-2020 05:12:17 UTC] PHP Warning:  Use of undefined constant event - assumed 'event' (this will throw an Error in a future version of PHP) in C:\Users\robin\Local Sites\university-of-riverdale\app\public\wp-content\themes\fictional-university-theme\front-page.php on line 21
[30-Sep-2020 05:12:17 UTC] PHP Stack trace:
[30-Sep-2020 05:12:17 UTC] PHP   1. {main}() C:\Users\robin\Local Sites\university-of-riverdale\app\public\index.php:0
[30-Sep-2020 05:12:17 UTC] PHP   2. require() C:\Users\robin\Local Sites\university-of-riverdale\app\public\index.php:17
[30-Sep-2020 05:12:17 UTC] PHP   3. require_once() C:\Users\robin\Local Sites\university-of-riverdale\app\public\wp-blog-header.php:19
[30-Sep-2020 05:12:17 UTC] PHP   4. include() C:\Users\robin\Local Sites\university-of-riverdale\app\public\wp-includes\template-loader.php:106
[30-Sep-2020 05:12:19 UTC] PHP Warning:  Use of undefined constant event - assumed 'event' (this will throw an Error in a future version of PHP) in C:\Users\robin\Local Sites\university-of-riverdale\app\public\wp-content\themes\fictional-university-theme\front-page.php on line 21
[30-Sep-2020 05:12:19 UTC] PHP Stack trace:
[30-Sep-2020 05:12:19 UTC] PHP   1. {main}() C:\Users\robin\Local Sites\university-of-riverdale\app\public\index.php:0
[30-Sep-2020 05:12:19 UTC] PHP   2. require() C:\Users\robin\Local Sites\university-of-riverdale\app\public\index.php:17
[30-Sep-2020 05:12:19 UTC] PHP   3. require_once() C:\Users\robin\Local Sites\university-of-riverdale\app\public\wp-blog-header.php:19
[30-Sep-2020 05:12:19 UTC] PHP   4. include() C:\Users\robin\Local Sites\university-of-riverdale\app\public\wp-includes\template-loader.php:106
[30-Sep-2020 05:12:22 UTC] PHP Warning:  Use of undefined constant event - assumed 'event' (this will throw an Error in a future version of PHP) in C:\Users\robin\Local Sites\university-of-riverdale\app\public\wp-content\themes\fictional-university-theme\front-page.php on line 21
[30-Sep-2020 05:12:22 UTC] PHP Stack trace:
[30-Sep-2020 05:12:22 UTC] PHP   1. {main}() C:\Users\robin\Local Sites\university-of-riverdale\app\public\index.php:0
[30-Sep-2020 05:12:22 UTC] PHP   2. require() C:\Users\robin\Local Sites\university-of-riverdale\app\public\index.php:17
[30-Sep-2020 05:12:22 UTC] PHP   3. require_once() C:\Users\robin\Local Sites\university-of-riverdale\app\public\wp-blog-header.php:19
[30-Sep-2020 05:12:22 UTC] PHP   4. include() C:\Users\robin\Local Sites\university-of-riverdale\app\public\wp-includes\template-loader.php:106
[30-Sep-2020 05:12:23 UTC] PHP Warning:  Use of undefined constant event - assumed 'event' (this will throw an Error in a future version of PHP) in C:\Users\robin\Local Sites\university-of-riverdale\app\public\wp-content\themes\fictional-university-theme\front-page.php on line 21
[30-Sep-2020 05:12:23 UTC] PHP Stack trace:
[30-Sep-2020 05:12:23 UTC] PHP   1. {main}() C:\Users\robin\Local Sites\university-of-riverdale\app\public\index.php:0
[30-Sep-2020 05:12:23 UTC] PHP   2. require() C:\Users\robin\Local Sites\university-of-riverdale\app\public\index.php:17
[30-Sep-2020 05:12:23 UTC] PHP   3. require_once() C:\Users\robin\Local Sites\university-of-riverdale\app\public\wp-blog-header.php:19
[30-Sep-2020 05:12:23 UTC] PHP   4. include() C:\Users\robin\Local Sites\university-of-riverdale\app\public\wp-includes\template-loader.php:106
[30-Sep-2020 05:12:25 UTC] PHP Warning:  Use of undefined constant event - assumed 'event' (this will throw an Error in a future version of PHP) in C:\Users\robin\Local Sites\university-of-riverdale\app\public\wp-content\themes\fictional-university-theme\front-page.php on line 21
[30-Sep-2020 05:12:25 UTC] PHP Stack trace:
[30-Sep-2020 05:12:25 UTC] PHP   1. {main}() C:\Users\robin\Local Sites\university-of-riverdale\app\public\index.php:0
[30-Sep-2020 05:12:25 UTC] PHP   2. require() C:\Users\robin\Local Sites\university-of-riverdale\app\public\index.php:17
[30-Sep-2020 05:12:25 UTC] PHP   3. require_once() C:\Users\robin\Local Sites\university-of-riverdale\app\public\wp-blog-header.php:19
[30-Sep-2020 05:12:25 UTC] PHP   4. include() C:\Users\robin\Local Sites\university-of-riverdale\app\public\wp-includes\template-loader.php:106
[30-Sep-2020 05:12:27 UTC] PHP Warning:  Use of undefined constant event - assumed 'event' (this will throw an Error in a future version of PHP) in C:\Users\robin\Local Sites\university-of-riverdale\app\public\wp-content\themes\fictional-university-theme\front-page.php on line 21
[30-Sep-2020 05:12:27 UTC] PHP Stack trace:
[30-Sep-2020 05:12:27 UTC] PHP   1. {main}() C:\Users\robin\Local Sites\university-of-riverdale\app\public\index.php:0
[30-Sep-2020 05:12:27 UTC] PHP   2. require() C:\Users\robin\Local Sites\university-of-riverdale\app\public\index.php:17
[30-Sep-2020 05:12:27 UTC] PHP   3. require_once() C:\Users\robin\Local Sites\university-of-riverdale\app\public\wp-blog-header.php:19
[30-Sep-2020 05:12:27 UTC] PHP   4. include() C:\Users\robin\Local Sites\university-of-riverdale\app\public\wp-includes\template-loader.php:106
[30-Sep-2020 05:12:31 UTC] PHP Warning:  Use of undefined constant event - assumed 'event' (this will throw an Error in a future version of PHP) in C:\Users\robin\Local Sites\university-of-riverdale\app\public\wp-content\themes\fictional-university-theme\front-page.php on line 21
[30-Sep-2020 05:12:31 UTC] PHP Stack trace:
[30-Sep-2020 05:12:31 UTC] PHP   1. {main}() C:\Users\robin\Local Sites\university-of-riverdale\app\public\index.php:0
[30-Sep-2020 05:12:31 UTC] PHP   2. require() C:\Users\robin\Local Sites\university-of-riverdale\app\public\index.php:17
[30-Sep-2020 05:12:31 UTC] PHP   3. require_once() C:\Users\robin\Local Sites\university-of-riverdale\app\public\wp-blog-header.php:19
[30-Sep-2020 05:12:31 UTC] PHP   4. include() C:\Users\robin\Local Sites\university-of-riverdale\app\public\wp-includes\template-loader.php:106
[30-Sep-2020 05:12:34 UTC] PHP Warning:  Use of undefined constant event - assumed 'event' (this will throw an Error in a future version of PHP) in C:\Users\robin\Local Sites\university-of-riverdale\app\public\wp-content\themes\fictional-university-theme\front-page.php on line 21
[30-Sep-2020 05:12:34 UTC] PHP Stack trace:
[30-Sep-2020 05:12:34 UTC] PHP   1. {main}() C:\Users\robin\Local Sites\university-of-riverdale\app\public\index.php:0
[30-Sep-2020 05:12:34 UTC] PHP   2. require() C:\Users\robin\Local Sites\university-of-riverdale\app\public\index.php:17
[30-Sep-2020 05:12:34 UTC] PHP   3. require_once() C:\Users\robin\Local Sites\university-of-riverdale\app\public\wp-blog-header.php:19
[30-Sep-2020 05:12:34 UTC] PHP   4. include() C:\Users\robin\Local Sites\university-of-riverdale\app\public\wp-includes\template-loader.php:106
[30-Sep-2020 05:12:49 UTC] PHP Parse error:  syntax error, unexpected '<' in C:\Users\robin\Local Sites\university-of-riverdale\app\public\wp-content\themes\fictional-university-theme\front-page.php on line 32
[30-Sep-2020 05:14:03 UTC] PHP Warning:  Use of undefined constant event - assumed 'event' (this will throw an Error in a future version of PHP) in C:\Users\robin\Local Sites\university-of-riverdale\app\public\wp-content\themes\fictional-university-theme\front-page.php on line 21
[30-Sep-2020 05:14:03 UTC] PHP Stack trace:
[30-Sep-2020 05:14:03 UTC] PHP   1. {main}() C:\Users\robin\Local Sites\university-of-riverdale\app\public\index.php:0
[30-Sep-2020 05:14:03 UTC] PHP   2. require() C:\Users\robin\Local Sites\university-of-riverdale\app\public\index.php:17
[30-Sep-2020 05:14:03 UTC] PHP   3. require_once() C:\Users\robin\Local Sites\university-of-riverdale\app\public\wp-blog-header.php:19
[30-Sep-2020 05:14:03 UTC] PHP   4. include() C:\Users\robin\Local Sites\university-of-riverdale\app\public\wp-includes\template-loader.php:106
[30-Sep-2020 05:14:39 UTC] PHP Parse error:  syntax error, unexpected ''' (T_CONSTANT_ENCAPSED_STRING), expecting ')' in C:\Users\robin\Local Sites\university-of-riverdale\app\public\wp-content\themes\fictional-university-theme\front-page.php on line 33
[30-Sep-2020 05:18:30 UTC] PHP Parse error:  syntax error, unexpected '', 18); ?> <a href="<?php the_' (T_CONSTANT_ENCAPSED_STRING), expecting ')' in C:\Users\robin\Local Sites\university-of-riverdale\app\public\wp-content\themes\fictional-university-theme\front-page.php on line 47
[30-Sep-2020 05:25:13 UTC] PHP Parse error:  syntax error, unexpected 'a' (T_STRING) in C:\Users\robin\Local Sites\university-of-riverdale\app\public\wp-content\themes\fictional-university-theme\front-page.php on line 117
